<?xml version="1.0" encoding="UTF-8"?>
<testsuite name="pruebas.Tests" tests="1" skipped="0" failures="0" errors="0" timestamp="2022-02-13T00:35:50" hostname="SQABOG-TGP4774" time="22.82">
  <properties/>
  <testcase name="prueba" classname="pruebas.Tests" time="22.82"/>
  <system-out><![CDATA[]]></system-out>
  <system-err><![CDATA[Starting ChromeDriver 98.0.4758.48 (d869ab3eda60629b9fabbd4e30c0f833466c83fd-refs/branch-heads/4758@{#415}) on port 39513
Only local connections are allowed.
Please see https://chromedriver.chromium.org/security-considerations for suggestions on keeping ChromeDriver safe.
ChromeDriver was started successfully.
feb 12, 2022 7:35:53 PM org.openqa.selenium.remote.ProtocolHandshake createSession
INFORMACIÓN: Detected dialect: W3C
]]></system-err>
</testsuite>
