<?xml version="1.0" encoding="UTF-8"?><testsuite errors="2" failures="0" name="Visualizar correo electronico" skipped="0" tests="2" time="5.07" timestamp="2022-02-24 05:42:16"><testcase name="Ingresar al correoOso pardohttps"><error message="Arity mismatch: Step Definition 'stepDefinitions.GoogleOutlineStepDefinition.hagoLoginYLosBuscoOsoPardo() in file:/C:/Users/SQA/IdeaProjects/pomSemilleroInterno/build/classes/java/test/' with pattern [^hago login y los busco(.*)$] is declared with 0 parameters. However, the gherkin step has 1 arguments [Ursus arctos]. &#10;Step text: hago login y los buscoUrsus arctos" type="cucumber.runtime.CucumberException">Arity mismatch: Step Definition 'stepDefinitions.GoogleOutlineStepDefinition.hagoLoginYLosBuscoOsoPardo() in file:/C:/Users/SQA/IdeaProjects/pomSemilleroInterno/build/classes/java/test/' with pattern [^hago login y los busco(.*)$] is declared with 0 parameters. However, the gherkin step has 1 arguments [Ursus arctos]. 
Step text: hago login y los buscoUrsus arctos</error><system-err>Arity mismatch: Step Definition 'stepDefinitions.GoogleOutlineStepDefinition.hagoLoginYLosBuscoOsoPardo() in file:/C:/Users/SQA/IdeaProjects/pomSemilleroInterno/build/classes/java/test/' with pattern [^hago login y los busco(.*)$] is declared with 0 parameters. However, the gherkin step has 1 arguments [Ursus arctos]. 
Step text: hago login y los buscoUrsus arctos&#13;
cucumber.runner.Runner.runPickle(Runner.java:80)&#13;
</system-err></testcase></testsuite>