<?xml version="1.0" encoding="UTF-8"?><testsuite errors="2" failures="0" name="Visualizar correo electronico" skipped="0" tests="2" time="3.85" timestamp="2022-02-23 06:08:52"><testcase name="Ingresar al correoosos pardohttps"><error message="Arity mismatch: Step Definition 'stepDefinitions.GoogleOutlineStepDefinition.quieroBuscarAnimalesososPardoYEnviarlos() in file:/C:/Users/SQA/IdeaProjects/POMSemilleroCucumber/build/classes/java/test/' with pattern [^quiero buscar animales(.*) y enviarlos$] is declared with 0 parameters. However, the gherkin step has 1 arguments [osos pardo]. &#10;Step text: quiero buscar animalesosos pardo y enviarlos" type="cucumber.runtime.CucumberException">Arity mismatch: Step Definition 'stepDefinitions.GoogleOutlineStepDefinition.quieroBuscarAnimalesososPardoYEnviarlos() in file:/C:/Users/SQA/IdeaProjects/POMSemilleroCucumber/build/classes/java/test/' with pattern [^quiero buscar animales(.*) y enviarlos$] is declared with 0 parameters. However, the gherkin step has 1 arguments [osos pardo]. 
Step text: quiero buscar animalesosos pardo y enviarlos</error><system-err>Arity mismatch: Step Definition 'stepDefinitions.GoogleOutlineStepDefinition.quieroBuscarAnimalesososPardoYEnviarlos() in file:/C:/Users/SQA/IdeaProjects/POMSemilleroCucumber/build/classes/java/test/' with pattern [^quiero buscar animales(.*) y enviarlos$] is declared with 0 parameters. However, the gherkin step has 1 arguments [osos pardo]. 
Step text: quiero buscar animalesosos pardo y enviarlos&#13;
cucumber.runner.Runner.runPickle(Runner.java:80)&#13;
</system-err></testcase></testsuite>